#
# A fatal error has been detected by the Java Runtime Environment:
#
#  EXCEPTION_ACCESS_VIOLATION (0xc0000005) at pc=0x00000000517a248b, pid=12340, tid=9292
#
# JRE version: Java(TM) SE Runtime Environment (7.0_45-b18) (build 1.7.0_45-b18)
# Java VM: Java HotSpot(TM) 64-Bit Server VM (24.45-b08 mixed mode windows-amd64 compressed oops)
# Problematic frame:
# V  [jvm.dll+0x14248b]
#
# Failed to write core dump. Minidumps are not enabled by default on client versions of Windows
#
# If you would like to submit a bug report, please visit:
#   http://bugreport.sun.com/bugreport/crash.jsp
#

---------------  T H R E A D  ---------------

Current thread (0x000000000cc67800):  JavaThread "JDWP Transport Listener: dt_socket" daemon [_thread_in_vm, id=9292, stack(0x000000000ef30000,0x000000000f030000)]

siginfo: ExceptionCode=0xc0000005, reading address 0x00003b6574756269

Registers:
RAX=0x000000000f02f601, RBX=0x000000000cc67800, RCX=0x00003b6574756269, RDX=0x0000000000000000
RSP=0x000000000f02f660, RBP=0x00003b6574756269, RSI=0x000000000f02f778, RDI=0x0000000002188ac0
R8 =0x000000000cc67800, R9 =0x6267891300e40053, R10=0x0000000000000000, R11=0x000000000f389566
R12=0x0000000000000000, R13=0x000000000cc5b178, R14=0x0000000000000000, R15=0x0000000000000000
RIP=0x00000000517a248b, EFLAGS=0x0000000000010206

Top of Stack: (sp=0x000000000f02f660)
0x000000000f02f660:   000000000cc67800 0000000000000008
0x000000000f02f670:   000000000f02f728 0000000051941039
0x000000000f02f680:   000000000cc67800 000000005195ebe2
0x000000000f02f690:   0000000000000000 0000000051608e89
0x000000000f02f6a0:   000000000cc061d0 000000005161265a
0x000000000f02f6b0:   000000000cc67800 0000000000000000
0x000000000f02f6c0:   0000000000000000 0000000000000000
0x000000000f02f6d0:   00003b6574756269 0000000051611751
0x000000000f02f6e0:   000000000f02f778 000000000f02f750
0x000000000f02f6f0:   0000000000000001 000000000cc061d0
0x000000000f02f700:   00003b6574756269 00000000515f53b3
0x000000000f02f710:   000000000f02f840 0000000000000001
0x000000000f02f720:   0000000000000001 000000000cc061d0
0x000000000f02f730:   0000000000000000 0000000000000000
0x000000000f02f740:   0000000000000000 0000000000000000
0x000000000f02f750:   0000000000000001 00000000515f5571 

Instructions: (pc=0x00000000517a248b)
0x00000000517a246b:   48 8b 5c 24 30 48 89 47 18 48 83 c4 20 5f c3 cc
0x00000000517a247b:   cc cc cc cc cc 40 53 48 83 ec 20 48 85 c9 74 54
0x00000000517a248b:   48 8b 19 48 85 db 74 4c 48 b8 fe fe fe fe fe fe
0x00000000517a249b:   fe fe 48 3b d8 74 3d 80 3d 8f 87 60 00 00 74 15 


Register to memory mapping:

RAX=0x000000000f02f601 is pointing into the stack for thread: 0x000000000cc67800
RBX=0x000000000cc67800 is a thread
RCX=0x00003b6574756269 is an unknown value
RDX=0x0000000000000000 is an unknown value
RSP=0x000000000f02f660 is pointing into the stack for thread: 0x000000000cc67800
RBP=0x00003b6574756269 is an unknown value
RSI=0x000000000f02f778 is pointing into the stack for thread: 0x000000000cc67800
RDI=0x0000000002188ac0 is an unknown value
R8 =0x000000000cc67800 is a thread
R9 =0x6267891300e40053 is an unknown value
R10=0x0000000000000000 is an unknown value
R11=0x000000000f389566 is an unknown value
R12=0x0000000000000000 is an unknown value
R13=0x000000000cc5b178 is an unknown value
R14=0x0000000000000000 is an unknown value
R15=0x0000000000000000 is an unknown value


Stack: [0x000000000ef30000,0x000000000f030000],  sp=0x000000000f02f660,  free space=1021k
Native frames: (J=compiled Java code, j=interpreted, Vv=VM code, C=native code)
V  [jvm.dll+0x14248b]


---------------  P R O C E S S  ---------------

Java Threads: ( => current thread )
  0x000000000f1ae000 JavaThread "Service Thread" daemon [_thread_blocked, id=8260, stack(0x000000000f930000,0x000000000fa30000)]
  0x000000000cc7f000 JavaThread "C2 CompilerThread1" daemon [_thread_blocked, id=11860, stack(0x000000000f6d0000,0x000000000f7d0000)]
  0x000000000cc7d800 JavaThread "C2 CompilerThread0" daemon [_thread_blocked, id=13636, stack(0x000000000f5b0000,0x000000000f6b0000)]
  0x000000000cc74000 JavaThread "JDWP Command Reader" daemon [_thread_in_native, id=4060, stack(0x000000000eda0000,0x000000000eea0000)]
  0x000000000cc73000 JavaThread "JDWP Event Helper Thread" daemon [_thread_blocked, id=2204, stack(0x000000000f0a0000,0x000000000f1a0000)]
=>0x000000000cc67800 JavaThread "JDWP Transport Listener: dt_socket" daemon [_thread_in_vm, id=9292, stack(0x000000000ef30000,0x000000000f030000)]
  0x000000000cc60800 JavaThread "Attach Listener" daemon [_thread_blocked, id=10940, stack(0x000000000e240000,0x000000000e340000)]
  0x000000000cc59800 JavaThread "Signal Dispatcher" daemon [_thread_blocked, id=1804, stack(0x000000000e050000,0x000000000e150000)]
  0x000000000cbff000 JavaThread "Finalizer" daemon [_thread_blocked, id=14136, stack(0x000000000dd90000,0x000000000de90000)]
  0x000000000cbfb800 JavaThread "Reference Handler" daemon [_thread_blocked, id=13128, stack(0x000000000dec0000,0x000000000dfc0000)]
  0x00000000021c8800 JavaThread "main" [_thread_blocked, id=4448, stack(0x00000000023e0000,0x00000000024e0000)]

Other Threads:
  0x000000000cbf8000 VMThread [stack: 0x000000000dc10000,0x000000000dd10000] [id=12168]
  0x000000000f1b0800 WatcherThread [stack: 0x000000000f800000,0x000000000f900000] [id=13464]

VM state:not at safepoint (normal execution)

VM Mutex/Monitor currently owned by a thread: None

Heap
 PSYoungGen      total 55808K, used 8672K [0x00000007c2100000, 0x00000007c5f00000, 0x0000000800000000)
  eden space 48128K, 18% used [0x00000007c2100000,0x00000007c29782c0,0x00000007c5000000)
  from space 7680K, 0% used [0x00000007c5780000,0x00000007c5780000,0x00000007c5f00000)
  to   space 7680K, 0% used [0x00000007c5000000,0x00000007c5000000,0x00000007c5780000)
 ParOldGen       total 126464K, used 0K [0x0000000746400000, 0x000000074df80000, 0x00000007c2100000)
  object space 126464K, 0% used [0x0000000746400000,0x0000000746400000,0x000000074df80000)
 PSPermGen       total 21504K, used 6809K [0x0000000741200000, 0x0000000742700000, 0x0000000746400000)
  object space 21504K, 31% used [0x0000000741200000,0x00000007418a65e0,0x0000000742700000)

Card table byte_map: [0x00000000054e0000,0x0000000005ae0000] byte_map_base: 0x0000000001ad7000

Polling page: 0x0000000000320000

Code Cache  [0x00000000024e0000, 0x0000000002750000, 0x00000000054e0000)
 total_blobs=272 nmethods=22 adapters=211 free_code_cache=48682Kb largest_free_block=49848832

Compilation events (10 events):
Event: 0.583 Thread 0x000000000cc7d800   18             java.io.Win32FileSystem::normalize (143 bytes)
Event: 0.592 Thread 0x000000000cc7d800 nmethod 18 0x000000000254c950 code [0x000000000254cac0, 0x000000000254cf10]
Event: 0.628 Thread 0x000000000cc7f000   19             java.lang.String::length (6 bytes)
Event: 0.628 Thread 0x000000000cc7f000 nmethod 19 0x000000000254d2d0 code [0x000000000254d400, 0x000000000254d498]
Event: 0.647 Thread 0x000000000cc7d800   20             java.lang.CharacterData::of (120 bytes)
Event: 0.648 Thread 0x000000000cc7d800 nmethod 20 0x000000000254e990 code [0x000000000254eae0, 0x000000000254ebb8]
Event: 0.649 Thread 0x000000000cc7f000   21             java.lang.CharacterDataLatin1::getProperties (11 bytes)
Event: 0.650 Thread 0x000000000cc7f000 nmethod 21 0x000000000254e750 code [0x000000000254e880, 0x000000000254e918]
Event: 0.695 Thread 0x000000000cc7d800   22             java.lang.Math::min (11 bytes)
Event: 0.695 Thread 0x000000000cc7d800 nmethod 22 0x000000000254e550 code [0x000000000254e680, 0x000000000254e6d8]

GC Heap History (0 events):
No events

Deoptimization events (0 events):
No events

Internal exceptions (10 events):
Event: 2.555 Thread 0x00000000021c8800 Threw 0x00000007c2942a00 at C:\re\jdk7u45\229\hotspot\src\share\vm\prims\jvm.cpp:1244
Event: 2.564 Thread 0x00000000021c8800 Threw 0x00000007c2944e50 at C:\re\jdk7u45\229\hotspot\src\share\vm\prims\jvm.cpp:1244
Event: 2.572 Thread 0x00000000021c8800 Threw 0x00000007c29471b8 at C:\re\jdk7u45\229\hotspot\src\share\vm\prims\jvm.cpp:1244
Event: 2.580 Thread 0x00000000021c8800 Threw 0x00000007c2948fa8 at C:\re\jdk7u45\229\hotspot\src\share\vm\prims\jvm.cpp:1244
Event: 2.589 Thread 0x00000000021c8800 Threw 0x00000007c294adc0 at C:\re\jdk7u45\229\hotspot\src\share\vm\prims\jvm.cpp:1244
Event: 2.598 Thread 0x00000000021c8800 Threw 0x00000007c294cc30 at C:\re\jdk7u45\229\hotspot\src\share\vm\prims\jvm.cpp:1244
Event: 2.604 Thread 0x00000000021c8800 Threw 0x00000007c294ea38 at C:\re\jdk7u45\229\hotspot\src\share\vm\prims\jvm.cpp:1244
Event: 2.612 Thread 0x00000000021c8800 Threw 0x00000007c29508a8 at C:\re\jdk7u45\229\hotspot\src\share\vm\prims\jvm.cpp:1244
Event: 3.927 Thread 0x00000000021c8800 Threw 0x00000007c2955930 at C:\re\jdk7u45\229\hotspot\src\share\vm\prims\jvm.cpp:1244
Event: 3.936 Thread 0x00000000021c8800 Threw 0x00000007c2959828 at C:\re\jdk7u45\229\hotspot\src\share\vm\prims\jvm.cpp:1244

Events (10 events):
Event: 234.392 Executing VM operation: GetCurrentLocation
Event: 234.392 Executing VM operation: GetCurrentLocation done
Event: 234.392 Executing VM operation: EnterInterpOnlyMode
Event: 234.392 Executing VM operation: EnterInterpOnlyMode done
Event: 234.392 Executing VM operation: ChangeSingleStep
Event: 234.392 Executing VM operation: ChangeSingleStep done
Event: 234.392 Executing VM operation: ChangeSingleStep
Event: 234.392 Executing VM operation: ChangeSingleStep done
Event: 234.402 Executing VM operation: RedefineClasses
Event: 234.402 Executing VM operation: RedefineClasses done


Dynamic libraries:
0x000000013ff10000 - 0x000000013ff43000 	C:\Program Files\Java\jdk1.7.0_45\bin\javaw.exe
0x0000000077c70000 - 0x0000000077e19000 	C:\Windows\SYSTEM32\ntdll.dll
0x0000000077a50000 - 0x0000000077b6f000 	C:\Windows\system32\kernel32.dll
0x000007fefcea0000 - 0x000007fefcf0b000 	C:\Windows\system32\KERNELBASE.dll
0x000007fefdd90000 - 0x000007fefde6b000 	C:\Windows\system32\ADVAPI32.dll
0x000007fefdc70000 - 0x000007fefdd0f000 	C:\Windows\system32\msvcrt.dll
0x000007fefd420000 - 0x000007fefd43f000 	C:\Windows\SYSTEM32\sechost.dll
0x000007feff010000 - 0x000007feff13d000 	C:\Windows\system32\RPCRT4.dll
0x0000000077b70000 - 0x0000000077c6a000 	C:\Windows\system32\USER32.dll
0x000007fefefa0000 - 0x000007feff007000 	C:\Windows\system32\GDI32.dll
0x000007feff230000 - 0x000007feff23e000 	C:\Windows\system32\LPK.dll
0x000007fefd970000 - 0x000007fefda39000 	C:\Windows\system32\USP10.dll
0x000007fefbcc0000 - 0x000007fefbeb4000 	C:\Windows\WinSxS\amd64_microsoft.windows.common-controls_6595b64144ccf1df_6.0.7601.17514_none_fa396087175ac9ac\COMCTL32.dll
0x000007fefed70000 - 0x000007fefede1000 	C:\Windows\system32\SHLWAPI.dll
0x000007fefef70000 - 0x000007fefef9e000 	C:\Windows\system32\IMM32.DLL
0x000007fefded0000 - 0x000007fefdfd9000 	C:\Windows\system32\MSCTF.dll
0x0000000051e60000 - 0x0000000051f32000 	C:\Program Files\Java\jdk1.7.0_45\jre\bin\msvcr100.dll
0x0000000051660000 - 0x0000000051e29000 	C:\Program Files\Java\jdk1.7.0_45\jre\bin\server\jvm.dll
0x000007fef1aa0000 - 0x000007fef1aa9000 	C:\Windows\system32\WSOCK32.dll
0x000007fefd190000 - 0x000007fefd1dd000 	C:\Windows\system32\WS2_32.dll
0x000007feff240000 - 0x000007feff248000 	C:\Windows\system32\NSI.dll
0x000007fefb730000 - 0x000007fefb76b000 	C:\Windows\system32\WINMM.dll
0x0000000077e30000 - 0x0000000077e37000 	C:\Windows\system32\PSAPI.DLL
0x0000000051e50000 - 0x0000000051e5f000 	C:\Program Files\Java\jdk1.7.0_45\jre\bin\verify.dll
0x0000000051630000 - 0x0000000051658000 	C:\Program Files\Java\jdk1.7.0_45\jre\bin\java.dll
0x00000000515f0000 - 0x0000000051625000 	C:\Program Files\Java\jdk1.7.0_45\jre\bin\jdwp.dll
0x0000000051e40000 - 0x0000000051e48000 	C:\Program Files\Java\jdk1.7.0_45\jre\bin\npt.dll
0x00000000515d0000 - 0x00000000515e5000 	C:\Program Files\Java\jdk1.7.0_45\jre\bin\zip.dll
0x00000000515c0000 - 0x00000000515c9000 	C:\Program Files\Java\jdk1.7.0_45\jre\bin\dt_socket.dll
0x000007fefa3c0000 - 0x000007fefa3d5000 	C:\Windows\system32\NLAapi.dll
0x000007fef65f0000 - 0x000007fef6605000 	C:\Windows\system32\napinsp.dll
0x000007fef65d0000 - 0x000007fef65e9000 	C:\Windows\system32\pnrpnsp.dll
0x000007fefc470000 - 0x000007fefc4c5000 	C:\Windows\System32\mswsock.dll
0x000007fefc2f0000 - 0x000007fefc34b000 	C:\Windows\system32\DNSAPI.dll
0x000007fef65c0000 - 0x000007fef65cb000 	C:\Windows\System32\winrnr.dll
0x000007fef65b0000 - 0x000007fef65c0000 	C:\Windows\system32\wshbth.dll
0x000007fef6d50000 - 0x000007fef6d7f000 	C:\Program Files\Common Files\Microsoft Shared\Windows Live\WLIDNSP.DLL
0x000007fef9950000 - 0x000007fef9977000 	C:\Windows\system32\IPHLPAPI.DLL
0x000007fef9940000 - 0x000007fef994b000 	C:\Windows\system32\WINNSI.DLL
0x000007fef97b0000 - 0x000007fef9803000 	C:\Windows\System32\fwpuclnt.dll
0x000007fef6e60000 - 0x000007fef6e68000 	C:\Windows\system32\rasadhlp.dll
0x000007fefb5b0000 - 0x000007fefb5b7000 	C:\Windows\System32\wshtcpip.dll
0x00000000515a0000 - 0x00000000515b9000 	C:\Program Files\Java\jdk1.7.0_45\jre\bin\net.dll
0x000007fefc460000 - 0x000007fefc467000 	C:\Windows\System32\wship6.dll
0x0000000051580000 - 0x0000000051591000 	C:\Program Files\Java\jdk1.7.0_45\jre\bin\nio.dll
0x000007fef75e0000 - 0x000007fef7705000 	C:\Windows\system32\dbghelp.dll

VM Arguments:
jvm_args: -agentlib:jdwp=transport=dt_socket,suspend=y,address=localhost:56477 -Dfile.encoding=Cp1250 
java_command: cz.martinbayer.parser.logback.Main
Launcher Type: SUN_STANDARD

Environment Variables:
PATH=C:\Program Files\Java\jdk1.7.0_45\jre\bin;C:/Program Files (x86)/Java/jre7/bin/client;C:/Program Files (x86)/Java/jre7/bin;C:/Program Files (x86)/Java/jre7/lib/i386;C:\Program Files\Broadcom\Broadcom 802.11 Network Adapter\Driver;;C:\Program Files\Common Files\Microsoft Shared\Windows Live;C:\Program Files (x86)\Common Files\Microsoft Shared\Windows Live;;C:\Program Files (x86)\Intel\iCLS Client\;C:\Program Files\Intel\iCLS Client\;C:\Windows\system32;C:\Windows;C:\Windows\System32\Wbem;C:\Windows\System32\WindowsPowerShell\v1.0\;C:\Program Files\Intel\Intel(R) Management Engine Components\DAL;C:\Program Files\Intel\Intel(R) Management Engine Components\IPT;C:\Program Files (x86)\Intel\Intel(R) Management Engine Components\DAL;C:\Program Files (x86)\Intel\Intel(R) Management Engine Components\IPT;C:\Program Files (x86)\Intel\OpenCL SDK\2.0\bin\x86;C:\Program Files (x86)\Intel\OpenCL SDK\2.0\bin\x64;C:\Program Files\WIDCOMM\Bluetooth Software\;C:\Program Files\WIDCOMM\Bluetooth Software\syswow64;C:\Program Files\Common Files\Lenovo;C:\Program Files (x86)\Windows Live\Shared;C:\SWTOOLS\ReadyApps;C:\Program Files (x86)\Symantec\VIP Access Client\;C:\Program Files (x86)\Common Files\Lenovo;C:\Program Files\TortoiseSVN\bin;C:\Program Files\Java\jdk1.7.0_45\bin\;D:\Eclipse RCP Kepler;
USERNAME=Martin
OS=Windows_NT
PROCESSOR_IDENTIFIER=Intel64 Family 6 Model 58 Stepping 9, GenuineIntel



---------------  S Y S T E M  ---------------

OS: Windows 7 , 64 bit Build 7601 Service Pack 1

CPU:total 4 (2 cores per cpu, 2 threads per core) family 6 model 58 stepping 9, cmov, cx8, fxsr, mmx, sse, sse2, sse3, ssse3, sse4.1, sse4.2, popcnt, avx, erms, ht, tsc, tscinvbit, tscinv

Memory: 4k page, physical 12167128k(7427420k free), swap 24332392k(18718900k free)

vm_info: Java HotSpot(TM) 64-Bit Server VM (24.45-b08) for windows-amd64 JRE (1.7.0_45-b18), built on Oct  8 2013 05:47:22 by "java_re" with unknown MS VC++:1600

time: Tue Mar 18 19:45:54 2014
elapsed time: 234 seconds

